<?xml version="1.0" encoding="UTF-8" ?>
<testsuite tests="36" failures="0" name="calculator.RunnerTest" time="0.005" errors="0" skipped="0">
  <properties>
    <property name="idea.version" value="2021.3"/>
    <property name="java.runtime.name" value="OpenJDK Runtime Environment"/>
    <property name="java.vm.version" value="15.0.1+9-18"/>
    <property name="sun.boot.library.path" value="C:\Users\sepeh\.jdks\openjdk-15.0.1\bin"/>
    <property name="maven.multiModuleProjectDirectory" value="C:\Users\sepeh\Downloads\SW-Lab-2-master\SW-Lab-2-master"/>
    <property name="java.vm.vendor" value="Oracle Corporation"/>
    <property name="java.vendor.url" value="https://java.oracle.com/"/>
    <property name="guice.disable.misplaced.annotation.check" value="true"/>
    <property name="path.separator" value=";"/>
    <property name="java.vm.name" value="OpenJDK 64-Bit Server VM"/>
    <property name="sun.os.patch.level" value=""/>
    <property name="user.script" value=""/>
    <property name="user.country" value="US"/>
    <property name="sun.java.launcher" value="SUN_STANDARD"/>
    <property name="java.vm.specification.name" value="Java Virtual Machine Specification"/>
    <property name="user.dir" value="C:\Users\sepeh\Downloads\SW-Lab-2-master\SW-Lab-2-master"/>
    <property name="java.vm.compressedOopsMode" value="Zero based"/>
    <property name="java.runtime.version" value="15.0.1+9-18"/>
    <property name="os.arch" value="amd64"/>
    <property name="java.io.tmpdir" value="C:\Users\sepeh\AppData\Local\Temp\"/>
    <property name="line.separator" value="
"/>
    <property name="java.vm.specification.vendor" value="Oracle Corporation"/>
    <property name="user.variant" value=""/>
    <property name="os.name" value="Windows 10"/>
    <property name="maven.ext.class.path" value="F:\Install Programs\IntelliJ IDEA 2021.3\plugins\maven\lib\maven-event-listener.jar"/>
    <property name="classworlds.conf" value="F:\Install Programs\IntelliJ IDEA 2021.3\plugins\maven\lib\maven3\bin\m2.conf"/>
    <property name="sun.jnu.encoding" value="Cp1252"/>
    <property name="java.library.path" value="C:\Users\sepeh\.jdks\openjdk-15.0.1\bin;C:\Windows\Sun\Java\bin;C:\Windows\system32;C:\Windows;C:\Program Files\Common Files\Oracle\Java\javapath;C:\Windows\system32;C:\Windows;C:\Windows\System32\Wbem;C:\Windows\System32\WindowsPowerShell\v1.0\;C:\Windows\System32\OpenSSH\;C:\Program Files\Git\cmd;F:\Install Programs\Microsoft VS Code\bin;C:\Program Files\Go\bin;C:\Program Files\nodejs\;C:\Users\sepeh\AppData\Local\Microsoft\WindowsApps;C:\Users\sepeh\go\bin;C:\Users\sepeh\AppData\Roaming\npm;."/>
    <property name="maven.conf" value="F:\Install Programs\IntelliJ IDEA 2021.3\plugins\maven\lib\maven3/conf"/>
    <property name="jdk.debug" value="release"/>
    <property name="java.class.version" value="59.0"/>
    <property name="java.specification.name" value="Java Platform API Specification"/>
    <property name="sun.management.compiler" value="HotSpot 64-Bit Tiered Compilers"/>
    <property name="os.version" value="10.0"/>
    <property name="user.home" value="C:\Users\sepeh"/>
    <property name="user.timezone" value="Asia/Tehran"/>
    <property name="file.encoding" value="UTF-8"/>
    <property name="java.specification.version" value="15"/>
    <property name="user.name" value="sepeh"/>
    <property name="java.class.path" value="F:\Install Programs\IntelliJ IDEA 2021.3\plugins\maven\lib\maven3\boot\plexus-classworlds-2.6.0.jar;F:\Install Programs\IntelliJ IDEA 2021.3\plugins\maven\lib\maven3\boot\plexus-classworlds.license"/>
    <property name="java.vm.specification.version" value="15"/>
    <property name="sun.arch.data.model" value="64"/>
    <property name="sun.java.command" value="org.codehaus.classworlds.Launcher -Didea.version=2021.3 test"/>
    <property name="java.home" value="C:\Users\sepeh\.jdks\openjdk-15.0.1"/>
    <property name="user.language" value="en"/>
    <property name="java.specification.vendor" value="Oracle Corporation"/>
    <property name="java.vm.info" value="mixed mode, sharing"/>
    <property name="java.version" value="15.0.1"/>
    <property name="java.vendor" value="Oracle Corporation"/>
    <property name="maven.home" value="F:\Install Programs\IntelliJ IDEA 2021.3\plugins\maven\lib\maven3"/>
    <property name="file.separator" value="\"/>
    <property name="java.version.date" value="2020-10-20"/>
    <property name="java.vendor.url.bug" value="https://bugreport.java.com/bugreport/"/>
    <property name="sun.io.unicode.encoding" value="UnicodeLittle"/>
    <property name="sun.cpu.endian" value="little"/>
    <property name="sun.cpu.isalist" value="amd64"/>
  </properties>
  <testcase classname="| 10 | 12 | 22 |" name="Given Two input values, 10 and 12" time="0.002"/>
  <testcase classname="| 10 | 12 | 22 |" name="When I add the two values" time="0"/>
  <testcase classname="| 10 | 12 | 22 |" name="Then I expect the result 22" time="0"/>
  <testcase classname="| 10 | 12 | 22 |" name="| 10 | 12 | 22 |" time="0"/>
  <testcase classname="| -5 | 6 | 1 |" name="Given Two input values, -5 and 6" time="0"/>
  <testcase classname="| -5 | 6 | 1 |" name="When I add the two values" time="0"/>
  <testcase classname="| -5 | 6 | 1 |" name="Then I expect the result 1" time="0"/>
  <testcase classname="| -5 | 6 | 1 |" name="| -5 | 6 | 1 |" time="0"/>
  <testcase classname="| 22 | 21 | 43 |" name="Given Two input values, 22 and 21" time="0"/>
  <testcase classname="| 22 | 21 | 43 |" name="When I add the two values" time="0"/>
  <testcase classname="| 22 | 21 | 43 |" name="Then I expect the result 43" time="0"/>
  <testcase classname="| 22 | 21 | 43 |" name="| 22 | 21 | 43 |" time="0.001"/>
  <testcase classname="Scenario: divide and sqrt two numbers" name="Given Two input values are, 25 and 1" time="0"/>
  <testcase classname="Scenario: divide and sqrt two numbers" name="When Ali and Sepehr divide a to b and sqrt" time="0"/>
  <testcase classname="Scenario: divide and sqrt two numbers" name="Then Ali and Sepehr expect the result 5" time="0"/>
  <testcase classname="Scenario: divide and sqrt two numbers" name="Scenario: divide and sqrt two numbers" time="0"/>
  <testcase classname="| 9 | 1 | 3 |" name="Given Two input values are, 9 and 1" time="0"/>
  <testcase classname="| 9 | 1 | 3 |" name="When Ali and Sepehr divide a to b and sqrt" time="0"/>
  <testcase classname="| 9 | 1 | 3 |" name="Then Ali and Sepehr expect the result 3" time="0"/>
  <testcase classname="| 9 | 1 | 3 |" name="| 9 | 1 | 3 |" time="0"/>
  <testcase classname="| 81 | 9 | 3 |" name="Given Two input values are, 81 and 9" time="0"/>
  <testcase classname="| 81 | 9 | 3 |" name="When Ali and Sepehr divide a to b and sqrt" time="0"/>
  <testcase classname="| 81 | 9 | 3 |" name="Then Ali and Sepehr expect the result 3" time="0"/>
  <testcase classname="| 81 | 9 | 3 |" name="| 81 | 9 | 3 |" time="0"/>
  <testcase classname="| 6 | 1 | 2.449 |" name="Given Two input values are, 6 and 1" time="0"/>
  <testcase classname="| 6 | 1 | 2.449 |" name="When Ali and Sepehr divide a to b and sqrt" time="0"/>
  <testcase classname="| 6 | 1 | 2.449 |" name="Then Ali and Sepehr expect the result 2.449" time="0"/>
  <testcase classname="| 6 | 1 | 2.449 |" name="| 6 | 1 | 2.449 |" time="0"/>
  <testcase classname="| 100 | 4 | 5 |" name="Given Two input values are, 100 and 4" time="0"/>
  <testcase classname="| 100 | 4 | 5 |" name="When Ali and Sepehr divide a to b and sqrt" time="0"/>
  <testcase classname="| 100 | 4 | 5 |" name="Then Ali and Sepehr expect the result 5" time="0"/>
  <testcase classname="| 100 | 4 | 5 |" name="| 100 | 4 | 5 |" time="0"/>
  <testcase classname="| 7 | 3 | 1.53 |" name="Given Two input values are, 7 and 3" time="0"/>
  <testcase classname="| 7 | 3 | 1.53 |" name="When Ali and Sepehr divide a to b and sqrt" time="0"/>
  <testcase classname="| 7 | 3 | 1.53 |" name="Then Ali and Sepehr expect the result 1.53" time="0.001"/>
  <testcase classname="| 7 | 3 | 1.53 |" name="| 7 | 3 | 1.53 |" time="0.001"/>
</testsuite>